2024-10-08 16:32:53,714 Using selector: EpollSelector
2024-10-08 16:34:56,611 Error: Data scraping unable to complete in 60.0s (retries: 3)
2024-10-08 16:34:56,611 Using selector: EpollSelector
2024-10-08 16:36:58,814 Error: Data scraping unable to complete in 60.0s (retries: 3)
2024-10-08 16:36:58,814 Using selector: EpollSelector
2024-10-08 16:36:59,672 Error: BrowserType.launch: Target page, context or browser has been closed
Browser logs:

<launching> /home/runner/.cache/ms-playwright/chromium-1134/chrome-linux/chrome --disable-field-trial-config --disable-background-networking --disable-background-timer-throttling --disable-backgrounding-occluded-windows --disable-back-forward-cache --disable-breakpad --disable-client-side-phishing-detection --disable-component-extensions-with-background-pages --disable-component-update --no-default-browser-check --disable-default-apps --disable-dev-shm-usage --disable-extensions --disable-features=ImprovedCookieControls,LazyFrameLoading,GlobalMediaControls,DestroyProfileOnBrowserClose,MediaRouter,DialMediaRouteProvider,AcceptCHFrame,AutoExpandDetailsElement,CertificateTransparencyComponentUpdater,AvoidUnnecessaryBeforeUnloadCheckSync,Translate,HttpsUpgrades,PaintHolding,PlzDedicatedWorker --allow-pre-commit-input --disable-hang-monitor --disable-ipc-flooding-protection --disable-popup-blocking --disable-prompt-on-repost --disable-renderer-backgrounding --force-color-profile=srgb --metrics-recording-only --no-first-run --enable-automation --password-store=basic --use-mock-keychain --no-service-autorun --export-tagged-pdf --disable-search-engine-choice-screen --unsafely-disable-devtools-self-xss-warnings --headless=old --hide-scrollbars --mute-audio --blink-settings=primaryHoverType=2,availableHoverTypes=2,primaryPointerType=4,availablePointerTypes=4 --no-sandbox --disable-gpu --single-process --user-data-dir=/tmp/playwright_chromiumdev_profile-UyRgOn --remote-debugging-pipe --no-startup-window
<launched> pid=3159
[pid=3159][err] Old Headless mode will be removed from the Chrome binary soon. Please use the new Headless mode (https://developer.chrome.com/docs/chromium/new-headless) or the chrome-headless-shell which is a standalone implementation of the old Headless mode (https://developer.chrome.com/blog/chrome-headless-shell).
[pid=3159][err] 
[pid=3159][err] [1008/163659.116441:WARNING:audio_manager_linux.cc(54)] Falling back to ALSA for audio output. PulseAudio is not available or could not be initialized.
[pid=3159][err] Received signal 11 SI_KERNEL000000000000
[pid=3159][err]  Possibly a General Protection Fault, can be due to a non-canonical address dereference. See "Intel 64 and IA-32 Architectures Software Developer’s Manual", Volume 1, Section 3.3.7.1.
[pid=3159][err] #0 0x55d0ade2bcd2 [1008/163659.132512:WARNING:viz_main_impl.cc(85)] VizNullHypothesis is disabled (not a warning)
[pid=3159][err] base::debug::CollectStackTrace()
[pid=3159][err] #1 0x55d0ade18eae base::debug::StackTrace::StackTrace()
[pid=3159][err] #2 0x55d0ade2b6e1 base::debug::(anonymous namespace)::StackDumpSignalHandler()
[pid=3159][err] #3 0x7ff514042520 (/usr/lib/x86_64-linux-gnu/libc.so.6+0x4251f)
[pid=3159][err] #4 0x7ff514044c1d getenv
[pid=3159][err] #5 0x55d0add5b1ac base::(anonymous namespace)::EnvironmentImpl::GetVarImpl()
[pid=3159][err] #6 0x55d0add5afb6 base::(anonymous namespace)::EnvironmentImpl::GetVar()
[pid=3159][err] #7 0x55d0ade35fac base::nix::GetDesktopEnvironment()
[pid=3159][err] #8 0x55d0ae332351 net::ProxyConfigServiceLinux::Delegate::Delegate()
[pid=3159][err] #9 0x55d0ae333c38 net::ProxyConfigServiceLinux::ProxyConfigServiceLinux()
[pid=3159][err] #10 0x55d0ae26f322 net::ProxyConfigService::CreateSystemProxyConfigService()
[pid=3159][err] #11 0x55d0b45a9d51 headless::HeadlessProxyConfigMonitor::HeadlessProxyConfigMonitor()
[pid=3159][err] #12 0x55d0b45a9839 headless::HeadlessRequestContextManager::HeadlessRequestContextManager()
[pid=3159][err] #13 0x55d0b45a8f58 headless::HeadlessRequestContextManager::CreateSystemContext()
[pid=3159][err] #14 0x55d0b45a7194 headless::HeadlessBrowserImpl::SetDefaultBrowserContext()
[pid=3159][err] #15 0x55d0ad828748 headless::(anonymous namespace)::HeadlessShell::OnBrowserStart()
[pid=3159][err] #16 0x55d0b45a7606 headless::HeadlessBrowserImpl::PreMainMessageLoopRun()
[pid=3159][err] #17 0x55d0b45b00a7 headless::HeadlessBrowserMainParts::PreMainMessageLoopRun()
[pid=3159][err] #18 0x55d0ab7af892 content::BrowserMainLoop::PreMainMessageLoopRun()
[pid=3159][err] #19 0x55d0abe61ab4 content::StartupTaskRunner::RunAllTasksNow()
[pid=3159][err] #20 0x55d0ab7af4e5 content::BrowserMainLoop::CreateStartupTasks()
[pid=3159][err] #21 0x55d0ab7b20ee content::BrowserMainRunnerImpl::Initialize()
[pid=3159][err] #22 0x55d0b45adacd headless::HeadlessContentMainDelegate::RunProcess()
[pid=3159][err] #23 0x55d0ad248d2b content::RunBrowserProcessMain()
[pid=3159][err] #24 0x55d0ad24a56e content::ContentMainRunnerImpl::RunBrowser()
[pid=3159][err] #25 0x55d0ad24a133 content::ContentMainRunnerImpl::Run()
[pid=3159][err] #26 0x55d0ad247ce6 content::RunContentProcess()
[pid=3159][err] #27 0x55d0ad247f47 content::ContentMain()
[pid=3159][err] #28 0x55d0ad828528 headless::HeadlessShellMain()
[pid=3159][err] #29 0x55d0a8e944d9 ChromeMain
[pid=3159][err] #30 0x7ff514029d90 (/usr/lib/x86_64-linux-gnu/libc.so.6+0x29d8f)
[pid=3159][err] #31 0x7ff514029e40 __libc_start_main
[pid=3159][err] #32 0x55d0a8e9402a _start
[pid=3159][err]   r8: 000001d000214000  r9: 00007ff5065f1dd8 r10: 0000000000000000 r11: 0000000000000246
[pid=3159][err]  r12: 005c0200d0010000 r13: 0000000000000013 r14: 0000000000000011 r15: 00007fff1132bce2
[pid=3159][err]   di: 00007fff1132bce0  si: 000055d0a6e77380  bp: 0000000000004458  bx: 000001d000024800
[pid=3159][err]   dx: 00007fff1132bce0  ax: 0000000000000013  cx: 00007fff1132bd01  sp: 00007fff1132bca0
[pid=3159][err]   ip: 00007ff514044c1d efl: 0000000000010206 cgf: 002b000000000033 erf: 0000000000000000
[pid=3159][err]  trp: 000000000000000d msk: 0000000000000000 cr2: 0000000000000000
[pid=3159][err] [end of stack trace]
Call log:
<launching> /home/runner/.cache/ms-playwright/chromium-1134/chrome-linux/chrome --disable-field-trial-config --disable-background-networking --disable-background-timer-throttling --disable-backgrounding-occluded-windows --disable-back-forward-cache --disable-breakpad --disable-client-side-phishing-detection --disable-component-extensions-with-background-pages --disable-component-update --no-default-browser-check --disable-default-apps --disable-dev-shm-usage --disable-extensions --disable-features=ImprovedCookieControls,LazyFrameLoading,GlobalMediaControls,DestroyProfileOnBrowserClose,MediaRouter,DialMediaRouteProvider,AcceptCHFrame,AutoExpandDetailsElement,CertificateTransparencyComponentUpdater,AvoidUnnecessaryBeforeUnloadCheckSync,Translate,HttpsUpgrades,PaintHolding,PlzDedicatedWorker --allow-pre-commit-input --disable-hang-monitor --disable-ipc-flooding-protection --disable-popup-blocking --disable-prompt-on-repost --disable-renderer-backgrounding --force-color-profile=srgb --metrics-recording-only --no-first-run --enable-automation --password-store=basic --use-mock-keychain --no-service-autorun --export-tagged-pdf --disable-search-engine-choice-screen --unsafely-disable-devtools-self-xss-warnings --headless=old --hide-scrollbars --mute-audio --blink-settings=primaryHoverType=2,availableHoverTypes=2,primaryPointerType=4,availablePointerTypes=4 --no-sandbox --disable-gpu --single-process --user-data-dir=/tmp/playwright_chromiumdev_profile-UyRgOn --remote-debugging-pipe --no-startup-window
  - <launched> pid=3159
  - [pid=3159][err] Old Headless mode will be removed from the Chrome binary soon. Please use the new Headless mode (https://developer.chrome.com/docs/chromium/new-headless) or the chrome-headless-shell which is a standalone implementation of the old Headless mode (https://developer.chrome.com/blog/chrome-headless-shell).
  - [pid=3159][err] 
  - [pid=3159][err] [1008/163659.116441:WARNING:audio_manager_linux.cc(54)] Falling back to ALSA for audio output. PulseAudio is not available or could not be initialized.
  - [pid=3159][err] Received signal 11 SI_KERNEL000000000000
  - [pid=3159][err]  Possibly a General Protection Fault, can be due to a non-canonical address dereference. See "Intel 64 and IA-32 Architectures Software Developer’s Manual", Volume 1, Section 3.3.7.1.
  - [pid=3159][err] #0 0x55d0ade2bcd2 [1008/163659.132512:WARNING:viz_main_impl.cc(85)] VizNullHypothesis is disabled (not a warning)
  - [pid=3159][err] base::debug::CollectStackTrace()
  - [pid=3159][err] #1 0x55d0ade18eae base::debug::StackTrace::StackTrace()
  - [pid=3159][err] #2 0x55d0ade2b6e1 base::debug::(anonymous namespace)::StackDumpSignalHandler()
  - [pid=3159][err] #3 0x7ff514042520 (/usr/lib/x86_64-linux-gnu/libc.so.6+0x4251f)
  - [pid=3159][err] #4 0x7ff514044c1d getenv
  - [pid=3159][err] #5 0x55d0add5b1ac base::(anonymous namespace)::EnvironmentImpl::GetVarImpl()
  - [pid=3159][err] #6 0x55d0add5afb6 base::(anonymous namespace)::EnvironmentImpl::GetVar()
  - [pid=3159][err] #7 0x55d0ade35fac base::nix::GetDesktopEnvironment()
  - [pid=3159][err] #8 0x55d0ae332351 net::ProxyConfigServiceLinux::Delegate::Delegate()
  - [pid=3159][err] #9 0x55d0ae333c38 net::ProxyConfigServiceLinux::ProxyConfigServiceLinux()
  - [pid=3159][err] #10 0x55d0ae26f322 net::ProxyConfigService::CreateSystemProxyConfigService()
  - [pid=3159][err] #11 0x55d0b45a9d51 headless::HeadlessProxyConfigMonitor::HeadlessProxyConfigMonitor()
  - [pid=3159][err] #12 0x55d0b45a9839 headless::HeadlessRequestContextManager::HeadlessRequestContextManager()
  - [pid=3159][err] #13 0x55d0b45a8f58 headless::HeadlessRequestContextManager::CreateSystemContext()
  - [pid=3159][err] #14 0x55d0b45a7194 headless::HeadlessBrowserImpl::SetDefaultBrowserContext()
  - [pid=3159][err] #15 0x55d0ad828748 headless::(anonymous namespace)::HeadlessShell::OnBrowserStart()
  - [pid=3159][err] #16 0x55d0b45a7606 headless::HeadlessBrowserImpl::PreMainMessageLoopRun()
  - [pid=3159][err] #17 0x55d0b45b00a7 headless::HeadlessBrowserMainParts::PreMainMessageLoopRun()
  - [pid=3159][err] #18 0x55d0ab7af892 content::BrowserMainLoop::PreMainMessageLoopRun()
  - [pid=3159][err] #19 0x55d0abe61ab4 content::StartupTaskRunner::RunAllTasksNow()
  - [pid=3159][err] #20 0x55d0ab7af4e5 content::BrowserMainLoop::CreateStartupTasks()
  - [pid=3159][err] #21 0x55d0ab7b20ee content::BrowserMainRunnerImpl::Initialize()
  - [pid=3159][err] #22 0x55d0b45adacd headless::HeadlessContentMainDelegate::RunProcess()
  - [pid=3159][err] #23 0x55d0ad248d2b content::RunBrowserProcessMain()
  - [pid=3159][err] #24 0x55d0ad24a56e content::ContentMainRunnerImpl::RunBrowser()
  - [pid=3159][err] #25 0x55d0ad24a133 content::ContentMainRunnerImpl::Run()
  - [pid=3159][err] #26 0x55d0ad247ce6 content::RunContentProcess()
  - [pid=3159][err] #27 0x55d0ad247f47 content::ContentMain()
  - [pid=3159][err] #28 0x55d0ad828528 headless::HeadlessShellMain()
  - [pid=3159][err] #29 0x55d0a8e944d9 ChromeMain
  - [pid=3159][err] #30 0x7ff514029d90 (/usr/lib/x86_64-linux-gnu/libc.so.6+0x29d8f)
  - [pid=3159][err] #31 0x7ff514029e40 __libc_start_main
  - [pid=3159][err] #32 0x55d0a8e9402a _start
  - [pid=3159][err]   r8: 000001d000214000  r9: 00007ff5065f1dd8 r10: 0000000000000000 r11: 0000000000000246
  - [pid=3159][err]  r12: 005c0200d0010000 r13: 0000000000000013 r14: 0000000000000011 r15: 00007fff1132bce2
  - [pid=3159][err]   di: 00007fff1132bce0  si: 000055d0a6e77380  bp: 0000000000004458  bx: 000001d000024800
  - [pid=3159][err]   dx: 00007fff1132bce0  ax: 0000000000000013  cx: 00007fff1132bd01  sp: 00007fff1132bca0
  - [pid=3159][err]   ip: 00007ff514044c1d efl: 0000000000010206 cgf: 002b000000000033 erf: 0000000000000000
  - [pid=3159][err]  trp: 000000000000000d msk: 0000000000000000 cr2: 0000000000000000
  - [pid=3159][err] [end of stack trace]

2024-10-08 16:36:59,672 Error: It looks like you are using Playwright Sync API inside the asyncio loop.
Please use the Async API instead.
2024-10-08 16:36:59,673 Error: It looks like you are using Playwright Sync API inside the asyncio loop.
Please use the Async API instead.
